[2025-01-30T01:37:09.796+0000] {manager.py:483} INFO - Processing files using up to 2 processes at a time 
[2025-01-30T01:37:09.796+0000] {manager.py:484} INFO - Process each file at most once every 5 seconds
[2025-01-30T01:37:09.796+0000] {manager.py:485} INFO - Checking for new files in /opt/airflow/dags every 20 seconds
[2025-01-30T01:37:09.797+0000] {manager.py:821} INFO - Searching for files in /opt/airflow/dags
[2025-01-30T01:37:09.797+0000] {manager.py:824} INFO - There are 0 files in /opt/airflow/dags
[2025-01-30T01:37:29.933+0000] {manager.py:821} INFO - Searching for files in /opt/airflow/dags
[2025-01-30T01:37:29.933+0000] {manager.py:824} INFO - There are 0 files in /opt/airflow/dags
[2025-01-30T01:37:50.062+0000] {manager.py:821} INFO - Searching for files in /opt/airflow/dags
[2025-01-30T01:37:50.063+0000] {manager.py:824} INFO - There are 0 files in /opt/airflow/dags
[2025-01-30T01:37:56.319+0000] {manager.py:465} INFO - Exiting gracefully upon receiving signal 15
[2025-01-30T01:43:42.069+0000] {manager.py:483} INFO - Processing files using up to 2 processes at a time 
[2025-01-30T01:43:42.109+0000] {manager.py:484} INFO - Process each file at most once every 5 seconds
[2025-01-30T01:43:42.110+0000] {manager.py:485} INFO - Checking for new files in /opt/airflow/dags every 20 seconds
[2025-01-30T01:43:42.111+0000] {manager.py:821} INFO - Searching for files in /opt/airflow/dags
[2025-01-30T01:43:42.113+0000] {manager.py:824} INFO - There are 0 files in /opt/airflow/dags
[2025-01-30T01:44:02.305+0000] {manager.py:821} INFO - Searching for files in /opt/airflow/dags
[2025-01-30T01:44:02.306+0000] {manager.py:824} INFO - There are 0 files in /opt/airflow/dags
[2025-01-30T01:44:22.404+0000] {manager.py:821} INFO - Searching for files in /opt/airflow/dags
[2025-01-30T01:44:22.406+0000] {manager.py:824} INFO - There are 0 files in /opt/airflow/dags
[2025-01-30T01:44:42.585+0000] {manager.py:821} INFO - Searching for files in /opt/airflow/dags
[2025-01-30T01:44:42.586+0000] {manager.py:824} INFO - There are 0 files in /opt/airflow/dags
[2025-01-30T01:45:02.768+0000] {manager.py:821} INFO - Searching for files in /opt/airflow/dags
[2025-01-30T01:45:02.770+0000] {manager.py:824} INFO - There are 0 files in /opt/airflow/dags
[2025-01-30T01:45:22.948+0000] {manager.py:821} INFO - Searching for files in /opt/airflow/dags
[2025-01-30T01:45:22.950+0000] {manager.py:824} INFO - There are 0 files in /opt/airflow/dags
[2025-01-30T01:45:43.102+0000] {manager.py:821} INFO - Searching for files in /opt/airflow/dags
[2025-01-30T01:45:43.102+0000] {manager.py:824} INFO - There are 0 files in /opt/airflow/dags
[2025-01-30T01:46:03.199+0000] {manager.py:821} INFO - Searching for files in /opt/airflow/dags
[2025-01-30T01:46:03.201+0000] {manager.py:824} INFO - There are 0 files in /opt/airflow/dags
[2025-01-30T01:46:23.366+0000] {manager.py:821} INFO - Searching for files in /opt/airflow/dags
[2025-01-30T01:46:23.368+0000] {manager.py:824} INFO - There are 0 files in /opt/airflow/dags
[2025-01-30T01:46:43.552+0000] {manager.py:821} INFO - Searching for files in /opt/airflow/dags
[2025-01-30T01:46:43.555+0000] {manager.py:824} INFO - There are 0 files in /opt/airflow/dags
[2025-01-30T01:47:03.743+0000] {manager.py:821} INFO - Searching for files in /opt/airflow/dags
[2025-01-30T01:47:03.745+0000] {manager.py:824} INFO - There are 0 files in /opt/airflow/dags
[2025-01-30T01:47:23.924+0000] {manager.py:821} INFO - Searching for files in /opt/airflow/dags
[2025-01-30T01:47:23.924+0000] {manager.py:824} INFO - There are 0 files in /opt/airflow/dags
[2025-01-30T01:47:44.023+0000] {manager.py:821} INFO - Searching for files in /opt/airflow/dags
[2025-01-30T01:47:44.059+0000] {manager.py:824} INFO - There are 0 files in /opt/airflow/dags
[2025-01-30T01:48:04.154+0000] {manager.py:821} INFO - Searching for files in /opt/airflow/dags
[2025-01-30T01:48:04.337+0000] {manager.py:824} INFO - There are 0 files in /opt/airflow/dags
[2025-01-30T01:48:24.483+0000] {manager.py:821} INFO - Searching for files in /opt/airflow/dags
[2025-01-30T01:48:24.488+0000] {manager.py:824} INFO - There are 0 files in /opt/airflow/dags
[2025-01-30T01:48:44.681+0000] {manager.py:821} INFO - Searching for files in /opt/airflow/dags
[2025-01-30T01:48:44.683+0000] {manager.py:824} INFO - There are 0 files in /opt/airflow/dags
[2025-01-30T01:49:04.869+0000] {manager.py:821} INFO - Searching for files in /opt/airflow/dags
[2025-01-30T01:49:04.874+0000] {manager.py:824} INFO - There are 0 files in /opt/airflow/dags
[2025-01-30T01:49:25.061+0000] {manager.py:821} INFO - Searching for files in /opt/airflow/dags
[2025-01-30T01:49:25.073+0000] {manager.py:824} INFO - There are 0 files in /opt/airflow/dags
[2025-01-30T01:49:45.160+0000] {manager.py:821} INFO - Searching for files in /opt/airflow/dags
[2025-01-30T01:49:45.160+0000] {manager.py:824} INFO - There are 0 files in /opt/airflow/dags
[2025-01-30T01:50:05.344+0000] {manager.py:821} INFO - Searching for files in /opt/airflow/dags
[2025-01-30T01:50:05.349+0000] {manager.py:824} INFO - There are 0 files in /opt/airflow/dags
[2025-01-30T01:50:09.036+0000] {manager.py:465} INFO - Exiting gracefully upon receiving signal 15
[2025-01-30T01:52:13.409+0000] {manager.py:483} INFO - Processing files using up to 2 processes at a time 
[2025-01-30T01:52:13.426+0000] {manager.py:484} INFO - Process each file at most once every 5 seconds
[2025-01-30T01:52:13.426+0000] {manager.py:485} INFO - Checking for new files in /opt/airflow/dags every 20 seconds
[2025-01-30T01:52:13.426+0000] {manager.py:821} INFO - Searching for files in /opt/airflow/dags
[2025-01-30T01:52:13.427+0000] {manager.py:824} INFO - There are 0 files in /opt/airflow/dags
[2025-01-30T01:52:33.703+0000] {manager.py:821} INFO - Searching for files in /opt/airflow/dags
[2025-01-30T01:52:33.704+0000] {manager.py:824} INFO - There are 0 files in /opt/airflow/dags
[2025-01-30T01:52:53.900+0000] {manager.py:821} INFO - Searching for files in /opt/airflow/dags
[2025-01-30T01:52:53.901+0000] {manager.py:824} INFO - There are 0 files in /opt/airflow/dags
[2025-01-30T01:53:14.075+0000] {manager.py:821} INFO - Searching for files in /opt/airflow/dags
[2025-01-30T01:53:14.076+0000] {manager.py:824} INFO - There are 0 files in /opt/airflow/dags
[2025-01-30T01:53:34.204+0000] {manager.py:821} INFO - Searching for files in /opt/airflow/dags
[2025-01-30T01:53:34.205+0000] {manager.py:824} INFO - There are 0 files in /opt/airflow/dags
[2025-01-30T01:53:54.359+0000] {manager.py:821} INFO - Searching for files in /opt/airflow/dags
[2025-01-30T01:53:54.361+0000] {manager.py:824} INFO - There are 0 files in /opt/airflow/dags
[2025-01-30T01:54:14.541+0000] {manager.py:821} INFO - Searching for files in /opt/airflow/dags
[2025-01-30T01:54:14.544+0000] {manager.py:824} INFO - There are 0 files in /opt/airflow/dags
[2025-01-30T01:54:34.706+0000] {manager.py:821} INFO - Searching for files in /opt/airflow/dags
[2025-01-30T01:54:34.842+0000] {manager.py:824} INFO - There are 0 files in /opt/airflow/dags
[2025-01-30T01:54:54.985+0000] {manager.py:821} INFO - Searching for files in /opt/airflow/dags
[2025-01-30T01:54:54.985+0000] {manager.py:824} INFO - There are 0 files in /opt/airflow/dags
[2025-01-30T01:55:15.093+0000] {manager.py:821} INFO - Searching for files in /opt/airflow/dags
[2025-01-30T01:55:15.093+0000] {manager.py:824} INFO - There are 0 files in /opt/airflow/dags
[2025-01-30T01:55:35.245+0000] {manager.py:821} INFO - Searching for files in /opt/airflow/dags
[2025-01-30T01:55:35.247+0000] {manager.py:824} INFO - There are 0 files in /opt/airflow/dags
[2025-01-30T01:55:55.431+0000] {manager.py:821} INFO - Searching for files in /opt/airflow/dags
[2025-01-30T01:55:55.433+0000] {manager.py:824} INFO - There are 0 files in /opt/airflow/dags
[2025-01-30T01:56:15.643+0000] {manager.py:821} INFO - Searching for files in /opt/airflow/dags
[2025-01-30T01:56:15.644+0000] {manager.py:824} INFO - There are 0 files in /opt/airflow/dags
[2025-01-30T01:56:35.813+0000] {manager.py:821} INFO - Searching for files in /opt/airflow/dags
[2025-01-30T01:56:35.814+0000] {manager.py:824} INFO - There are 0 files in /opt/airflow/dags
[2025-01-30T01:56:55.946+0000] {manager.py:821} INFO - Searching for files in /opt/airflow/dags
[2025-01-30T01:56:55.947+0000] {manager.py:824} INFO - There are 0 files in /opt/airflow/dags
[2025-01-30T01:57:16.120+0000] {manager.py:821} INFO - Searching for files in /opt/airflow/dags
[2025-01-30T01:57:16.121+0000] {manager.py:824} INFO - There are 0 files in /opt/airflow/dags
[2025-01-30T01:57:36.257+0000] {manager.py:821} INFO - Searching for files in /opt/airflow/dags
[2025-01-30T01:57:36.258+0000] {manager.py:824} INFO - There are 0 files in /opt/airflow/dags
[2025-01-30T01:57:56.457+0000] {manager.py:821} INFO - Searching for files in /opt/airflow/dags
[2025-01-30T01:57:56.459+0000] {manager.py:824} INFO - There are 0 files in /opt/airflow/dags
[2025-01-30T01:58:16.661+0000] {manager.py:821} INFO - Searching for files in /opt/airflow/dags
[2025-01-30T01:58:16.664+0000] {manager.py:824} INFO - There are 0 files in /opt/airflow/dags
[2025-01-30T01:58:36.828+0000] {manager.py:821} INFO - Searching for files in /opt/airflow/dags
[2025-01-30T01:58:36.831+0000] {manager.py:824} INFO - There are 0 files in /opt/airflow/dags
[2025-01-30T01:58:57.022+0000] {manager.py:821} INFO - Searching for files in /opt/airflow/dags
[2025-01-30T01:58:57.025+0000] {manager.py:824} INFO - There are 0 files in /opt/airflow/dags
[2025-01-30T01:59:17.181+0000] {manager.py:821} INFO - Searching for files in /opt/airflow/dags
[2025-01-30T01:59:17.182+0000] {manager.py:824} INFO - There are 0 files in /opt/airflow/dags
[2025-01-30T01:59:37.347+0000] {manager.py:821} INFO - Searching for files in /opt/airflow/dags
[2025-01-30T01:59:37.350+0000] {manager.py:824} INFO - There are 0 files in /opt/airflow/dags
[2025-01-30T01:59:57.512+0000] {manager.py:821} INFO - Searching for files in /opt/airflow/dags
[2025-01-30T01:59:57.512+0000] {manager.py:824} INFO - There are 0 files in /opt/airflow/dags
[2025-01-30T02:00:17.662+0000] {manager.py:821} INFO - Searching for files in /opt/airflow/dags
[2025-01-30T02:00:17.664+0000] {manager.py:824} INFO - There are 0 files in /opt/airflow/dags
[2025-01-30T02:00:37.826+0000] {manager.py:821} INFO - Searching for files in /opt/airflow/dags
[2025-01-30T02:00:37.828+0000] {manager.py:824} INFO - There are 0 files in /opt/airflow/dags
[2025-01-30T02:00:57.995+0000] {manager.py:821} INFO - Searching for files in /opt/airflow/dags
[2025-01-30T02:00:57.996+0000] {manager.py:824} INFO - There are 0 files in /opt/airflow/dags
[2025-01-30T02:01:18.123+0000] {manager.py:821} INFO - Searching for files in /opt/airflow/dags
[2025-01-30T02:01:18.125+0000] {manager.py:824} INFO - There are 0 files in /opt/airflow/dags
[2025-01-30T02:01:38.273+0000] {manager.py:821} INFO - Searching for files in /opt/airflow/dags
[2025-01-30T02:01:38.274+0000] {manager.py:824} INFO - There are 0 files in /opt/airflow/dags
[2025-01-30T02:01:58.429+0000] {manager.py:821} INFO - Searching for files in /opt/airflow/dags
[2025-01-30T02:01:58.429+0000] {manager.py:824} INFO - There are 0 files in /opt/airflow/dags
[2025-01-30T02:02:18.640+0000] {manager.py:821} INFO - Searching for files in /opt/airflow/dags
[2025-01-30T02:02:18.698+0000] {manager.py:824} INFO - There are 0 files in /opt/airflow/dags
[2025-01-30T02:02:38.900+0000] {manager.py:821} INFO - Searching for files in /opt/airflow/dags
[2025-01-30T02:02:38.917+0000] {manager.py:824} INFO - There are 0 files in /opt/airflow/dags
[2025-01-30T02:02:59.063+0000] {manager.py:821} INFO - Searching for files in /opt/airflow/dags
[2025-01-30T02:02:59.102+0000] {manager.py:824} INFO - There are 0 files in /opt/airflow/dags
[2025-01-30T02:03:19.209+0000] {manager.py:821} INFO - Searching for files in /opt/airflow/dags
[2025-01-30T02:03:19.280+0000] {manager.py:824} INFO - There are 0 files in /opt/airflow/dags
[2025-01-30T02:03:39.422+0000] {manager.py:821} INFO - Searching for files in /opt/airflow/dags
[2025-01-30T02:03:39.424+0000] {manager.py:824} INFO - There are 0 files in /opt/airflow/dags
[2025-01-30T02:03:59.621+0000] {manager.py:821} INFO - Searching for files in /opt/airflow/dags
[2025-01-30T02:03:59.622+0000] {manager.py:824} INFO - There are 0 files in /opt/airflow/dags
[2025-01-30T02:04:04.227+0000] {manager.py:465} INFO - Exiting gracefully upon receiving signal 15
[2025-01-30T23:21:48.266+0000] {manager.py:483} INFO - Processing files using up to 2 processes at a time 
[2025-01-30T23:21:48.378+0000] {manager.py:484} INFO - Process each file at most once every 5 seconds
[2025-01-30T23:21:48.379+0000] {manager.py:485} INFO - Checking for new files in /opt/airflow/dags every 20 seconds
[2025-01-30T23:21:48.380+0000] {manager.py:821} INFO - Searching for files in /opt/airflow/dags
[2025-01-30T23:21:48.383+0000] {manager.py:824} INFO - There are 0 files in /opt/airflow/dags
[2025-01-30T23:22:08.699+0000] {manager.py:821} INFO - Searching for files in /opt/airflow/dags
[2025-01-30T23:22:08.702+0000] {manager.py:824} INFO - There are 0 files in /opt/airflow/dags
[2025-01-30T23:22:28.859+0000] {manager.py:821} INFO - Searching for files in /opt/airflow/dags
[2025-01-30T23:22:28.860+0000] {manager.py:824} INFO - There are 0 files in /opt/airflow/dags
[2025-01-30T23:22:49.033+0000] {manager.py:821} INFO - Searching for files in /opt/airflow/dags
[2025-01-30T23:22:49.034+0000] {manager.py:824} INFO - There are 0 files in /opt/airflow/dags
[2025-01-30T23:23:09.215+0000] {manager.py:821} INFO - Searching for files in /opt/airflow/dags
[2025-01-30T23:23:09.216+0000] {manager.py:824} INFO - There are 0 files in /opt/airflow/dags
[2025-01-30T23:23:29.351+0000] {manager.py:821} INFO - Searching for files in /opt/airflow/dags
[2025-01-30T23:23:29.352+0000] {manager.py:824} INFO - There are 0 files in /opt/airflow/dags
[2025-01-30T23:23:49.516+0000] {manager.py:821} INFO - Searching for files in /opt/airflow/dags
[2025-01-30T23:23:49.516+0000] {manager.py:824} INFO - There are 0 files in /opt/airflow/dags
[2025-01-30T23:24:09.669+0000] {manager.py:821} INFO - Searching for files in /opt/airflow/dags
[2025-01-30T23:24:09.670+0000] {manager.py:824} INFO - There are 0 files in /opt/airflow/dags
[2025-01-30T23:24:29.844+0000] {manager.py:821} INFO - Searching for files in /opt/airflow/dags
[2025-01-30T23:24:29.845+0000] {manager.py:824} INFO - There are 0 files in /opt/airflow/dags
[2025-01-30T23:24:50.004+0000] {manager.py:821} INFO - Searching for files in /opt/airflow/dags
[2025-01-30T23:24:50.005+0000] {manager.py:824} INFO - There are 0 files in /opt/airflow/dags
[2025-01-30T23:25:10.150+0000] {manager.py:821} INFO - Searching for files in /opt/airflow/dags
[2025-01-30T23:25:10.153+0000] {manager.py:824} INFO - There are 0 files in /opt/airflow/dags
[2025-01-30T23:25:30.330+0000] {manager.py:821} INFO - Searching for files in /opt/airflow/dags
[2025-01-30T23:25:30.332+0000] {manager.py:824} INFO - There are 0 files in /opt/airflow/dags
[2025-01-30T23:25:50.499+0000] {manager.py:821} INFO - Searching for files in /opt/airflow/dags
[2025-01-30T23:25:50.500+0000] {manager.py:824} INFO - There are 0 files in /opt/airflow/dags
[2025-01-30T23:26:10.688+0000] {manager.py:821} INFO - Searching for files in /opt/airflow/dags
[2025-01-30T23:26:10.688+0000] {manager.py:824} INFO - There are 0 files in /opt/airflow/dags
[2025-01-30T23:26:30.865+0000] {manager.py:821} INFO - Searching for files in /opt/airflow/dags
[2025-01-30T23:26:30.915+0000] {manager.py:824} INFO - There are 0 files in /opt/airflow/dags
[2025-01-30T23:26:51.071+0000] {manager.py:821} INFO - Searching for files in /opt/airflow/dags
[2025-01-30T23:26:51.072+0000] {manager.py:824} INFO - There are 0 files in /opt/airflow/dags
[2025-01-30T23:27:11.227+0000] {manager.py:821} INFO - Searching for files in /opt/airflow/dags
[2025-01-30T23:27:11.229+0000] {manager.py:824} INFO - There are 0 files in /opt/airflow/dags
[2025-01-30T23:27:31.392+0000] {manager.py:821} INFO - Searching for files in /opt/airflow/dags
[2025-01-30T23:27:31.392+0000] {manager.py:824} INFO - There are 0 files in /opt/airflow/dags
[2025-01-30T23:27:51.544+0000] {manager.py:821} INFO - Searching for files in /opt/airflow/dags
[2025-01-30T23:27:51.546+0000] {manager.py:824} INFO - There are 0 files in /opt/airflow/dags
[2025-01-30T23:28:11.703+0000] {manager.py:821} INFO - Searching for files in /opt/airflow/dags
[2025-01-30T23:28:11.705+0000] {manager.py:824} INFO - There are 0 files in /opt/airflow/dags
[2025-01-30T23:28:31.857+0000] {manager.py:821} INFO - Searching for files in /opt/airflow/dags
[2025-01-30T23:28:31.858+0000] {manager.py:824} INFO - There are 0 files in /opt/airflow/dags
[2025-01-30T23:28:52.001+0000] {manager.py:821} INFO - Searching for files in /opt/airflow/dags
[2025-01-30T23:28:52.002+0000] {manager.py:824} INFO - There are 0 files in /opt/airflow/dags
[2025-01-30T23:29:12.107+0000] {manager.py:821} INFO - Searching for files in /opt/airflow/dags
[2025-01-30T23:29:12.107+0000] {manager.py:824} INFO - There are 0 files in /opt/airflow/dags
[2025-01-30T23:29:32.272+0000] {manager.py:821} INFO - Searching for files in /opt/airflow/dags
[2025-01-30T23:29:32.274+0000] {manager.py:824} INFO - There are 0 files in /opt/airflow/dags
[2025-01-30T23:29:52.466+0000] {manager.py:821} INFO - Searching for files in /opt/airflow/dags
[2025-01-30T23:29:52.467+0000] {manager.py:824} INFO - There are 0 files in /opt/airflow/dags
[2025-01-30T23:30:12.657+0000] {manager.py:821} INFO - Searching for files in /opt/airflow/dags
[2025-01-30T23:30:12.658+0000] {manager.py:824} INFO - There are 0 files in /opt/airflow/dags
[2025-01-30T23:30:32.816+0000] {manager.py:821} INFO - Searching for files in /opt/airflow/dags
[2025-01-30T23:30:32.819+0000] {manager.py:824} INFO - There are 0 files in /opt/airflow/dags
[2025-01-30T23:30:52.986+0000] {manager.py:821} INFO - Searching for files in /opt/airflow/dags
[2025-01-30T23:30:52.988+0000] {manager.py:824} INFO - There are 0 files in /opt/airflow/dags
[2025-01-30T23:31:13.111+0000] {manager.py:821} INFO - Searching for files in /opt/airflow/dags
[2025-01-30T23:31:13.113+0000] {manager.py:824} INFO - There are 0 files in /opt/airflow/dags
[2025-01-30T23:31:33.291+0000] {manager.py:821} INFO - Searching for files in /opt/airflow/dags
[2025-01-30T23:31:33.292+0000] {manager.py:824} INFO - There are 0 files in /opt/airflow/dags
[2025-01-30T23:31:53.479+0000] {manager.py:821} INFO - Searching for files in /opt/airflow/dags
[2025-01-30T23:31:53.481+0000] {manager.py:824} INFO - There are 0 files in /opt/airflow/dags
[2025-01-30T23:32:13.666+0000] {manager.py:821} INFO - Searching for files in /opt/airflow/dags
[2025-01-30T23:32:13.670+0000] {manager.py:824} INFO - There are 0 files in /opt/airflow/dags
[2025-01-30T23:32:33.858+0000] {manager.py:821} INFO - Searching for files in /opt/airflow/dags
[2025-01-30T23:32:33.862+0000] {manager.py:824} INFO - There are 0 files in /opt/airflow/dags
[2025-01-30T23:32:54.011+0000] {manager.py:821} INFO - Searching for files in /opt/airflow/dags
[2025-01-30T23:32:54.029+0000] {manager.py:824} INFO - There are 0 files in /opt/airflow/dags
[2025-01-30T23:33:14.160+0000] {manager.py:821} INFO - Searching for files in /opt/airflow/dags
[2025-01-30T23:33:14.167+0000] {manager.py:824} INFO - There are 0 files in /opt/airflow/dags
[2025-01-30T23:33:34.362+0000] {manager.py:821} INFO - Searching for files in /opt/airflow/dags
[2025-01-30T23:33:34.366+0000] {manager.py:824} INFO - There are 0 files in /opt/airflow/dags
[2025-01-30T23:33:54.552+0000] {manager.py:821} INFO - Searching for files in /opt/airflow/dags
[2025-01-30T23:33:54.557+0000] {manager.py:824} INFO - There are 0 files in /opt/airflow/dags
[2025-01-30T23:34:14.744+0000] {manager.py:821} INFO - Searching for files in /opt/airflow/dags
[2025-01-30T23:34:14.748+0000] {manager.py:824} INFO - There are 0 files in /opt/airflow/dags
[2025-01-30T23:34:34.917+0000] {manager.py:821} INFO - Searching for files in /opt/airflow/dags
[2025-01-30T23:34:34.970+0000] {manager.py:824} INFO - There are 0 files in /opt/airflow/dags
[2025-01-30T23:34:55.072+0000] {manager.py:821} INFO - Searching for files in /opt/airflow/dags
[2025-01-30T23:34:55.073+0000] {manager.py:824} INFO - There are 0 files in /opt/airflow/dags
[2025-01-30T23:35:15.229+0000] {manager.py:821} INFO - Searching for files in /opt/airflow/dags
[2025-01-30T23:35:15.256+0000] {manager.py:824} INFO - There are 0 files in /opt/airflow/dags
[2025-01-30T23:35:35.413+0000] {manager.py:821} INFO - Searching for files in /opt/airflow/dags
[2025-01-30T23:35:35.417+0000] {manager.py:824} INFO - There are 0 files in /opt/airflow/dags
[2025-01-30T23:35:55.580+0000] {manager.py:821} INFO - Searching for files in /opt/airflow/dags
[2025-01-30T23:35:55.585+0000] {manager.py:824} INFO - There are 0 files in /opt/airflow/dags
[2025-01-30T23:36:15.760+0000] {manager.py:821} INFO - Searching for files in /opt/airflow/dags
[2025-01-30T23:36:15.766+0000] {manager.py:824} INFO - There are 0 files in /opt/airflow/dags
[2025-01-30T23:36:35.916+0000] {manager.py:821} INFO - Searching for files in /opt/airflow/dags
[2025-01-30T23:36:35.918+0000] {manager.py:824} INFO - There are 0 files in /opt/airflow/dags
[2025-01-30T23:36:56.048+0000] {manager.py:821} INFO - Searching for files in /opt/airflow/dags
[2025-01-30T23:36:56.049+0000] {manager.py:824} INFO - There are 0 files in /opt/airflow/dags
[2025-01-30T23:37:16.202+0000] {manager.py:821} INFO - Searching for files in /opt/airflow/dags
[2025-01-30T23:37:16.206+0000] {manager.py:824} INFO - There are 0 files in /opt/airflow/dags
[2025-01-30T23:37:36.370+0000] {manager.py:821} INFO - Searching for files in /opt/airflow/dags
[2025-01-30T23:37:36.399+0000] {manager.py:824} INFO - There are 0 files in /opt/airflow/dags
[2025-01-30T23:37:56.598+0000] {manager.py:821} INFO - Searching for files in /opt/airflow/dags
[2025-01-30T23:37:56.600+0000] {manager.py:824} INFO - There are 0 files in /opt/airflow/dags
[2025-01-30T23:38:16.781+0000] {manager.py:821} INFO - Searching for files in /opt/airflow/dags
[2025-01-30T23:38:16.786+0000] {manager.py:824} INFO - There are 0 files in /opt/airflow/dags
[2025-01-30T23:38:36.975+0000] {manager.py:821} INFO - Searching for files in /opt/airflow/dags
[2025-01-30T23:38:36.978+0000] {manager.py:824} INFO - There are 0 files in /opt/airflow/dags
[2025-01-30T23:38:57.078+0000] {manager.py:821} INFO - Searching for files in /opt/airflow/dags
[2025-01-30T23:38:57.082+0000] {manager.py:824} INFO - There are 0 files in /opt/airflow/dags
[2025-01-30T23:39:17.267+0000] {manager.py:821} INFO - Searching for files in /opt/airflow/dags
[2025-01-30T23:39:17.272+0000] {manager.py:824} INFO - There are 0 files in /opt/airflow/dags
[2025-01-30T23:39:37.452+0000] {manager.py:821} INFO - Searching for files in /opt/airflow/dags
[2025-01-30T23:39:37.457+0000] {manager.py:824} INFO - There are 0 files in /opt/airflow/dags
[2025-01-30T23:39:57.645+0000] {manager.py:821} INFO - Searching for files in /opt/airflow/dags
[2025-01-30T23:39:57.649+0000] {manager.py:824} INFO - There are 0 files in /opt/airflow/dags
[2025-01-30T23:40:17.802+0000] {manager.py:821} INFO - Searching for files in /opt/airflow/dags
[2025-01-30T23:40:17.808+0000] {manager.py:824} INFO - There are 0 files in /opt/airflow/dags
[2025-01-30T23:40:38.003+0000] {manager.py:821} INFO - Searching for files in /opt/airflow/dags
[2025-01-30T23:40:38.007+0000] {manager.py:824} INFO - There are 0 files in /opt/airflow/dags
[2025-01-30T23:40:58.112+0000] {manager.py:821} INFO - Searching for files in /opt/airflow/dags
[2025-01-30T23:40:58.114+0000] {manager.py:824} INFO - There are 0 files in /opt/airflow/dags
[2025-01-30T23:41:18.286+0000] {manager.py:821} INFO - Searching for files in /opt/airflow/dags
[2025-01-30T23:41:18.291+0000] {manager.py:824} INFO - There are 0 files in /opt/airflow/dags
[2025-01-30T23:41:38.493+0000] {manager.py:821} INFO - Searching for files in /opt/airflow/dags
[2025-01-30T23:41:38.497+0000] {manager.py:824} INFO - There are 0 files in /opt/airflow/dags
[2025-01-30T23:41:58.679+0000] {manager.py:821} INFO - Searching for files in /opt/airflow/dags
[2025-01-30T23:41:58.687+0000] {manager.py:824} INFO - There are 0 files in /opt/airflow/dags
[2025-01-30T23:42:18.872+0000] {manager.py:821} INFO - Searching for files in /opt/airflow/dags
[2025-01-30T23:42:18.878+0000] {manager.py:824} INFO - There are 0 files in /opt/airflow/dags
[2025-01-30T23:42:39.025+0000] {manager.py:821} INFO - Searching for files in /opt/airflow/dags
[2025-01-30T23:42:39.031+0000] {manager.py:824} INFO - There are 0 files in /opt/airflow/dags
[2025-01-30T23:42:59.194+0000] {manager.py:821} INFO - Searching for files in /opt/airflow/dags
[2025-01-30T23:42:59.241+0000] {manager.py:824} INFO - There are 1 files in /opt/airflow/dags
[2025-01-30T23:43:00.262+0000] {manager.py:997} INFO - 
================================================================================
DAG File Processing Stats

File Path                                            PID  Runtime      # DAGs    # Errors  Last Runtime    Last Run      Last # of DB Queries
-------------------------------------------------  -----  ---------  --------  ----------  --------------  ----------  ----------------------
/opt/airflow/dags/operators/tempoagoraoperator.py    481  0.10s             0           0                                                   0
================================================================================
[2025-01-30T23:43:19.807+0000] {manager.py:821} INFO - Searching for files in /opt/airflow/dags
[2025-01-30T23:43:19.817+0000] {manager.py:824} INFO - There are 1 files in /opt/airflow/dags
[2025-01-30T23:43:30.350+0000] {manager.py:997} INFO - 
================================================================================
DAG File Processing Stats

File Path                                          PID    Runtime      # DAGs    # Errors  Last Runtime    Last Run               Last # of DB Queries
-------------------------------------------------  -----  ---------  --------  ----------  --------------  -------------------  ----------------------
/opt/airflow/dags/operators/tempoagoraoperator.py                           0           1  0.14s           2025-01-30T23:43:27                       5
================================================================================
[2025-01-30T23:43:40.009+0000] {manager.py:821} INFO - Searching for files in /opt/airflow/dags
[2025-01-30T23:43:40.016+0000] {manager.py:824} INFO - There are 1 files in /opt/airflow/dags
[2025-01-30T23:44:00.702+0000] {manager.py:821} INFO - Searching for files in /opt/airflow/dags
[2025-01-30T23:44:00.708+0000] {manager.py:824} INFO - There are 1 files in /opt/airflow/dags
[2025-01-30T23:44:00.729+0000] {manager.py:997} INFO - 
================================================================================
DAG File Processing Stats

File Path                                          PID    Runtime      # DAGs    # Errors  Last Runtime    Last Run               Last # of DB Queries
-------------------------------------------------  -----  ---------  --------  ----------  --------------  -------------------  ----------------------
/opt/airflow/dags/operators/tempoagoraoperator.py                           0           1  0.15s           2025-01-30T23:43:59                       5
================================================================================
[2025-01-30T23:44:21.493+0000] {manager.py:821} INFO - Searching for files in /opt/airflow/dags
[2025-01-30T23:44:21.506+0000] {manager.py:824} INFO - There are 1 files in /opt/airflow/dags
[2025-01-30T23:44:30.883+0000] {manager.py:997} INFO - 
================================================================================
DAG File Processing Stats

File Path                                            PID  Runtime      # DAGs    # Errors  Last Runtime    Last Run               Last # of DB Queries
-------------------------------------------------  -----  ---------  --------  ----------  --------------  -------------------  ----------------------
/opt/airflow/dags/operators/tempoagoraoperator.py    584  0.01s             0           1  0.16s           2025-01-30T23:44:25                       5
================================================================================
[2025-01-30T23:44:42.234+0000] {manager.py:821} INFO - Searching for files in /opt/airflow/dags
[2025-01-30T23:44:42.244+0000] {manager.py:824} INFO - There are 1 files in /opt/airflow/dags
[2025-01-30T23:45:00.919+0000] {manager.py:997} INFO - 
================================================================================
DAG File Processing Stats

File Path                                          PID    Runtime      # DAGs    # Errors  Last Runtime    Last Run               Last # of DB Queries
-------------------------------------------------  -----  ---------  --------  ----------  --------------  -------------------  ----------------------
/opt/airflow/dags/operators/tempoagoraoperator.py                           0           1  0.11s           2025-01-30T23:44:56                       5
================================================================================
[2025-01-30T23:45:03.027+0000] {manager.py:821} INFO - Searching for files in /opt/airflow/dags
[2025-01-30T23:45:03.031+0000] {manager.py:824} INFO - There are 1 files in /opt/airflow/dags
[2025-01-30T23:45:23.679+0000] {manager.py:821} INFO - Searching for files in /opt/airflow/dags
[2025-01-30T23:45:23.692+0000] {manager.py:824} INFO - There are 1 files in /opt/airflow/dags
[2025-01-30T23:45:31.093+0000] {manager.py:997} INFO - 
================================================================================
DAG File Processing Stats

File Path                                          PID    Runtime      # DAGs    # Errors  Last Runtime    Last Run               Last # of DB Queries
-------------------------------------------------  -----  ---------  --------  ----------  --------------  -------------------  ----------------------
/opt/airflow/dags/operators/tempoagoraoperator.py                           0           1  0.24s           2025-01-30T23:45:28                       5
================================================================================
